Determining if the pthread_create exist failed with the following output:
Change Dir: /home/nivii/workspace/myrobot/build/CMakeFiles/CMakeTmp

Run Build Command:"/usr/bin/make" "cmTC_85381/fast"
/usr/bin/make -f CMakeFiles/cmTC_85381.dir/build.make CMakeFiles/cmTC_85381.dir/build
make[1]: Entering directory '/home/nivii/workspace/myrobot/build/CMakeFiles/CMakeTmp'
Building C object CMakeFiles/cmTC_85381.dir/CheckSymbolExists.c.o
/usr/bin/cc    -o CMakeFiles/cmTC_85381.dir/CheckSymbolExists.c.o   -c /home/nivii/workspace/myrobot/build/CMakeFiles/CMakeTmp/CheckSymbolExists.c
Linking C executable cmTC_85381
/usr/bin/cmake -E cmake_link_script CMakeFiles/cmTC_85381.dir/link.txt --verbose=1
/usr/bin/cc      -rdynamic CMakeFiles/cmTC_85381.dir/CheckSymbolExists.c.o  -o cmTC_85381 
CMakeFiles/cmTC_85381.dir/CheckSymbolExists.c.o: In function `main':
CheckSymbolExists.c:(.text+0x1b): undefined reference to `pthread_create'
collect2: error: ld returned 1 exit status
CMakeFiles/cmTC_85381.dir/build.make:97: recipe for target 'cmTC_85381' failed
make[1]: *** [cmTC_85381] Error 1
make[1]: Leaving directory '/home/nivii/workspace/myrobot/build/CMakeFiles/CMakeTmp'
Makefile:126: recipe for target 'cmTC_85381/fast' failed
make: *** [cmTC_85381/fast] Error 2

File /home/nivii/workspace/myrobot/build/CMakeFiles/CMakeTmp/CheckSymbolExists.c:
/* */
#include <pthread.h>

int main(int argc, char** argv)
{
  (void)argv;
#ifndef pthread_create
  return ((int*)(&pthread_create))[argc];
#else
  (void)argc;
  return 0;
#endif
}

Determining if the function pthread_create exists in the pthreads failed with the following output:
Change Dir: /home/nivii/workspace/myrobot/build/CMakeFiles/CMakeTmp

Run Build Command:"/usr/bin/make" "cmTC_04bfc/fast"
/usr/bin/make -f CMakeFiles/cmTC_04bfc.dir/build.make CMakeFiles/cmTC_04bfc.dir/build
make[1]: Entering directory '/home/nivii/workspace/myrobot/build/CMakeFiles/CMakeTmp'
Building C object CMakeFiles/cmTC_04bfc.dir/CheckFunctionExists.c.o
/usr/bin/cc   -DCHECK_FUNCTION_EXISTS=pthread_create   -o CMakeFiles/cmTC_04bfc.dir/CheckFunctionExists.c.o   -c /usr/share/cmake-3.10/Modules/CheckFunctionExists.c
Linking C executable cmTC_04bfc
/usr/bin/cmake -E cmake_link_script CMakeFiles/cmTC_04bfc.dir/link.txt --verbose=1
/usr/bin/cc  -DCHECK_FUNCTION_EXISTS=pthread_create    -rdynamic CMakeFiles/cmTC_04bfc.dir/CheckFunctionExists.c.o  -o cmTC_04bfc -lpthreads 
/usr/bin/ld: cannot find -lpthreads
collect2: error: ld returned 1 exit status
CMakeFiles/cmTC_04bfc.dir/build.make:97: recipe for target 'cmTC_04bfc' failed
make[1]: *** [cmTC_04bfc] Error 1
make[1]: Leaving directory '/home/nivii/workspace/myrobot/build/CMakeFiles/CMakeTmp'
Makefile:126: recipe for target 'cmTC_04bfc/fast' failed
make: *** [cmTC_04bfc/fast] Error 2


